[32m[I 2024-09-19 12:56:02,043][0m A new study created in memory with name: no-name-2343b114-d2a8-431d-9f15-efd9a1e50d3c[0m
[32m[I 2024-09-19 13:03:16,197][0m Trial 0 finished with value: 5.965327648922455 and parameters: {'lr': 0.0008589517536137716, 'l2_lambda': 0.016993626384463913}. Best is trial 0 with value: 5.965327648922455.[0m
[32m[I 2024-09-19 13:10:29,745][0m Trial 1 finished with value: 5.975981136394101 and parameters: {'lr': 0.0007675682276219672, 'l2_lambda': 0.01781768036648465}. Best is trial 0 with value: 5.965327648922455.[0m
[32m[I 2024-09-19 13:17:44,826][0m Trial 2 finished with value: 6.019063614135565 and parameters: {'lr': 0.0002524259938119012, 'l2_lambda': 0.012013571504442603}. Best is trial 0 with value: 5.965327648922455.[0m
[32m[I 2024-09-19 13:24:59,285][0m Trial 3 finished with value: 6.015578591546347 and parameters: {'lr': 0.0003129331372738295, 'l2_lambda': 0.011532626317570412}. Best is trial 0 with value: 5.965327648922455.[0m
[32m[I 2024-09-19 13:32:10,901][0m Trial 4 finished with value: 5.896999657154083 and parameters: {'lr': 0.0006029908782951056, 'l2_lambda': 0.014166246178831188}. Best is trial 4 with value: 5.896999657154083.[0m
[32m[I 2024-09-19 13:39:23,153][0m Trial 5 finished with value: 6.12794389281162 and parameters: {'lr': 0.0009046685646822037, 'l2_lambda': 0.012012641410824088}. Best is trial 4 with value: 5.896999657154083.[0m
