[32m[I 2024-09-22 09:27:59,803][0m A new study created in memory with name: no-name-1bdc54fa-caf5-4daf-86a4-575d2619d69b[0m
[32m[I 2024-09-22 09:34:51,575][0m Trial 0 finished with value: 9.425445085101657 and parameters: {'lr': 0.00040979729376279663, 'l2_lambda': 0.011567249708201478}. Best is trial 0 with value: 9.425445085101657.[0m
[32m[I 2024-09-22 09:41:41,674][0m Trial 1 finished with value: 9.458086072074043 and parameters: {'lr': 0.00019748148211283016, 'l2_lambda': 0.019464588257978612}. Best is trial 0 with value: 9.425445085101657.[0m
[32m[I 2024-09-22 09:48:32,974][0m Trial 2 finished with value: 9.449519301785363 and parameters: {'lr': 0.0006655013136757056, 'l2_lambda': 0.01843485175107104}. Best is trial 0 with value: 9.425445085101657.[0m
[32m[I 2024-09-22 09:55:22,021][0m Trial 3 finished with value: 9.445227735572391 and parameters: {'lr': 0.0006981739107657017, 'l2_lambda': 0.013481766881429425}. Best is trial 0 with value: 9.425445085101657.[0m
[32m[I 2024-09-22 10:02:10,972][0m Trial 4 finished with value: 9.493447502454122 and parameters: {'lr': 0.0004765630818764091, 'l2_lambda': 0.011698104553375843}. Best is trial 0 with value: 9.425445085101657.[0m
[32m[I 2024-09-22 10:09:00,015][0m Trial 5 finished with value: 9.380511265330844 and parameters: {'lr': 0.0005715741887401671, 'l2_lambda': 0.015324979438686383}. Best is trial 5 with value: 9.380511265330844.[0m
